<?xml version="1.0" encoding="UTF-8"?>
<!-- Generated by org.testng.reporters.JUnitXMLReporter -->
<testsuite hostname="Shane-PC" name="Default test" tests="7" failures="0" timestamp="16 Jul 2014 19:07:27 GMT" time="1.273" errors="0">
  <testcase name="buildEmployee" time="1.215" classname="TestingMVC.ResultSetBuilderTest"/>
  <testcase name="buildID" time="0.002" classname="TestingMVC.ResultSetBuilderTest"/>
  <testcase name="buildMetric" time="0.001" classname="TestingMVC.ResultSetBuilderTest"/>
  <testcase name="buildMetricScores" time="0.024" classname="TestingMVC.ResultSetBuilderTest"/>
  <testcase name="buildMetrics" time="0.004" classname="TestingMVC.ResultSetBuilderTest"/>
  <testcase name="buildPreferences" time="0.006" classname="TestingMVC.ResultSetBuilderTest"/>
  <testcase name="buildShowLeaderCount" time="0.001" classname="TestingMVC.ResultSetBuilderTest"/>
</testsuite> <!-- Default test -->
