<?xml version="1.0" encoding="UTF-8"?>
<!-- Generated by org.testng.reporters.JUnitXMLReporter -->
<testsuite hostname="Shane-PC" name="Test" tests="3" failures="1" timestamp="16 Jun 2014 19:27:28 GMT" time="0.036" errors="0">
  <testcase name="f" time="0.015" classname="Metrics.NewTest"/>
  <testcase name="f2" time="0.002" classname="Metrics.NewTest">
    <failure type="java.lang.AssertionError" message="expected [Fail] but found [Shane]">
      <![CDATA[java.lang.AssertionError: expected [Fail] but found [Shane]
	at Metrics.NewTest.f2(NewTest.java:20)
... Removed 29 stack frames]]>
    </failure>
  </testcase> <!-- f2 -->
  <testcase name="f" time="0.002" classname="Metrics.NewTest2"/>
</testsuite> <!-- Test -->
